    <entry>
      <title>edsu: @footnotesrising yup, it is being crawled. The plus side is that a search for a title like &quot;Valentine Democrat&quot; has LC as the first hit!</title>
      <content type="html">edsu: @footnotesrising yup, it is being crawled. The plus side is that a search for a title like &quot;Valentine Democrat&quot; has LC as the first hit!</content>
      <id>tag:twitter.com,2007:http://twitter.com/edsu/statuses/9056272001</id>
      <published>2010-02-13T14:05:34+00:00</published>
      <updated>2010-02-13T14:05:34+00:00</updated>
      <link type="text/html" href="http://twitter.com/edsu/statuses/9056272001" rel="alternate"/>
      <link type="image/jpeg" href="http://a1.twimg.com/profile_images/470902880/ehs-books_normal.jpg" rel="image"/>
      <author>
        <name>Ed Summers</name>
        <uri>http://inkdroid.org</uri>
      </author>
    </entry>
